03.03.2019 00:46:54
 
Log
0
UnityEngine.Debug:Log(Object)
TargetAnnotation:GetBoundingBox() (at Assets/Scripts/TargetAnnotation.cs:68)
RobotAgent:CollectObservations() (at Assets/Scripts/RobotAgent.cs:100)
MLAgents.Agent:SendInfoToBrain() (at Assets/ML-Agents/Scripts/Agent.cs:574)
MLAgents.Agent:SendInfo() (at Assets/ML-Agents/Scripts/Agent.cs:984)
MLAgents.Academy:EnvironmentStep() (at Assets/ML-Agents/Scripts/Academy.cs:583)
MLAgents.Academy:FixedUpdate() (at Assets/ML-Agents/Scripts/Academy.cs:611)

Log
0
UnityEngine.Debug:Log(Object)
TargetAnnotation:GetBoundingBox() (at Assets/Scripts/TargetAnnotation.cs:69)
RobotAgent:CollectObservations() (at Assets/Scripts/RobotAgent.cs:100)
MLAgents.Agent:SendInfoToBrain() (at Assets/ML-Agents/Scripts/Agent.cs:574)
MLAgents.Agent:SendInfo() (at Assets/ML-Agents/Scripts/Agent.cs:984)
MLAgents.Academy:EnvironmentStep() (at Assets/ML-Agents/Scripts/Academy.cs:583)
MLAgents.Academy:FixedUpdate() (at Assets/ML-Agents/Scripts/Academy.cs:611)

Log
0
UnityEngine.Debug:Log(Object)
TargetAnnotation:GetBoundingBox() (at Assets/Scripts/TargetAnnotation.cs:70)
RobotAgent:CollectObservations() (at Assets/Scripts/RobotAgent.cs:100)
MLAgents.Agent:SendInfoToBrain() (at Assets/ML-Agents/Scripts/Agent.cs:574)
MLAgents.Agent:SendInfo() (at Assets/ML-Agents/Scripts/Agent.cs:984)
MLAgents.Academy:EnvironmentStep() (at Assets/ML-Agents/Scripts/Academy.cs:583)
MLAgents.Academy:FixedUpdate() (at Assets/ML-Agents/Scripts/Academy.cs:611)

Log
0
UnityEngine.Debug:Log(Object)
TargetAnnotation:GetBoundingBox() (at Assets/Scripts/TargetAnnotation.cs:71)
RobotAgent:CollectObservations() (at Assets/Scripts/RobotAgent.cs:100)
MLAgents.Agent:SendInfoToBrain() (at Assets/ML-Agents/Scripts/Agent.cs:574)
MLAgents.Agent:SendInfo() (at Assets/ML-Agents/Scripts/Agent.cs:984)
MLAgents.Academy:EnvironmentStep() (at Assets/ML-Agents/Scripts/Academy.cs:583)
MLAgents.Academy:FixedUpdate() (at Assets/ML-Agents/Scripts/Academy.cs:611)

Log
0
UnityEngine.Debug:Log(Object)
TargetAnnotation:GetBoundingBox() (at Assets/Scripts/TargetAnnotation.cs:68)
RobotAgent:CollectObservations() (at Assets/Scripts/RobotAgent.cs:100)
MLAgents.Agent:SendInfoToBrain() (at Assets/ML-Agents/Scripts/Agent.cs:574)
MLAgents.Agent:SendInfo() (at Assets/ML-Agents/Scripts/Agent.cs:984)
MLAgents.Academy:EnvironmentStep() (at Assets/ML-Agents/Scripts/Academy.cs:583)
MLAgents.Academy:FixedUpdate() (at Assets/ML-Agents/Scripts/Academy.cs:611)

Log
0
UnityEngine.Debug:Log(Object)
TargetAnnotation:GetBoundingBox() (at Assets/Scripts/TargetAnnotation.cs:69)
RobotAgent:CollectObservations() (at Assets/Scripts/RobotAgent.cs:100)
MLAgents.Agent:SendInfoToBrain() (at Assets/ML-Agents/Scripts/Agent.cs:574)
MLAgents.Agent:SendInfo() (at Assets/ML-Agents/Scripts/Agent.cs:984)
MLAgents.Academy:EnvironmentStep() (at Assets/ML-Agents/Scripts/Academy.cs:583)
MLAgents.Academy:FixedUpdate() (at Assets/ML-Agents/Scripts/Academy.cs:611)

Log
0
UnityEngine.Debug:Log(Object)
TargetAnnotation:GetBoundingBox() (at Assets/Scripts/TargetAnnotation.cs:70)
RobotAgent:CollectObservations() (at Assets/Scripts/RobotAgent.cs:100)
MLAgents.Agent:SendInfoToBrain() (at Assets/ML-Agents/Scripts/Agent.cs:574)
MLAgents.Agent:SendInfo() (at Assets/ML-Agents/Scripts/Agent.cs:984)
MLAgents.Academy:EnvironmentStep() (at Assets/ML-Agents/Scripts/Academy.cs:583)
MLAgents.Academy:FixedUpdate() (at Assets/ML-Agents/Scripts/Academy.cs:611)

Log
0
UnityEngine.Debug:Log(Object)
TargetAnnotation:GetBoundingBox() (at Assets/Scripts/TargetAnnotation.cs:71)
RobotAgent:CollectObservations() (at Assets/Scripts/RobotAgent.cs:100)
MLAgents.Agent:SendInfoToBrain() (at Assets/ML-Agents/Scripts/Agent.cs:574)
MLAgents.Agent:SendInfo() (at Assets/ML-Agents/Scripts/Agent.cs:984)
MLAgents.Academy:EnvironmentStep() (at Assets/ML-Agents/Scripts/Academy.cs:583)
MLAgents.Academy:FixedUpdate() (at Assets/ML-Agents/Scripts/Academy.cs:611)

Log
658,201
UnityEngine.Debug:Log(Object)
TargetAnnotation:GetBoundingBox() (at Assets/Scripts/TargetAnnotation.cs:68)
RobotAgent:CollectObservations() (at Assets/Scripts/RobotAgent.cs:100)
MLAgents.Agent:SendInfoToBrain() (at Assets/ML-Agents/Scripts/Agent.cs:574)
MLAgents.Agent:SendInfo() (at Assets/ML-Agents/Scripts/Agent.cs:984)
MLAgents.Academy:EnvironmentStep() (at Assets/ML-Agents/Scripts/Academy.cs:583)
MLAgents.Academy:FixedUpdate() (at Assets/ML-Agents/Scripts/Academy.cs:611)

Log
-194,5745
UnityEngine.Debug:Log(Object)
TargetAnnotation:GetBoundingBox() (at Assets/Scripts/TargetAnnotation.cs:69)
RobotAgent:CollectObservations() (at Assets/Scripts/RobotAgent.cs:100)
MLAgents.Agent:SendInfoToBrain() (at Assets/ML-Agents/Scripts/Agent.cs:574)
MLAgents.Agent:SendInfo() (at Assets/ML-Agents/Scripts/Agent.cs:984)
MLAgents.Academy:EnvironmentStep() (at Assets/ML-Agents/Scripts/Academy.cs:583)
MLAgents.Academy:FixedUpdate() (at Assets/ML-Agents/Scripts/Academy.cs:611)

Log
1108,458
UnityEngine.Debug:Log(Object)
TargetAnnotation:GetBoundingBox() (at Assets/Scripts/TargetAnnotation.cs:70)
RobotAgent:CollectObservations() (at Assets/Scripts/RobotAgent.cs:100)
MLAgents.Agent:SendInfoToBrain() (at Assets/ML-Agents/Scripts/Agent.cs:574)
MLAgents.Agent:SendInfo() (at Assets/ML-Agents/Scripts/Agent.cs:984)
MLAgents.Academy:EnvironmentStep() (at Assets/ML-Agents/Scripts/Academy.cs:583)
MLAgents.Academy:FixedUpdate() (at Assets/ML-Agents/Scripts/Academy.cs:611)

Log
412,0728
UnityEngine.Debug:Log(Object)
TargetAnnotation:GetBoundingBox() (at Assets/Scripts/TargetAnnotation.cs:71)
RobotAgent:CollectObservations() (at Assets/Scripts/RobotAgent.cs:100)
MLAgents.Agent:SendInfoToBrain() (at Assets/ML-Agents/Scripts/Agent.cs:574)
MLAgents.Agent:SendInfo() (at Assets/ML-Agents/Scripts/Agent.cs:984)
MLAgents.Academy:EnvironmentStep() (at Assets/ML-Agents/Scripts/Academy.cs:583)
MLAgents.Academy:FixedUpdate() (at Assets/ML-Agents/Scripts/Academy.cs:611)

Log
447,3951
UnityEngine.Debug:Log(Object)
TargetAnnotation:GetBoundingBox() (at Assets/Scripts/TargetAnnotation.cs:68)
RobotAgent:CollectObservations() (at Assets/Scripts/RobotAgent.cs:100)
MLAgents.Agent:SendInfoToBrain() (at Assets/ML-Agents/Scripts/Agent.cs:574)
MLAgents.Agent:SendInfo() (at Assets/ML-Agents/Scripts/Agent.cs:984)
MLAgents.Academy:EnvironmentStep() (at Assets/ML-Agents/Scripts/Academy.cs:583)
MLAgents.Academy:FixedUpdate() (at Assets/ML-Agents/Scripts/Academy.cs:611)

Log
-109,9222
UnityEngine.Debug:Log(Object)
TargetAnnotation:GetBoundingBox() (at Assets/Scripts/TargetAnnotation.cs:69)
RobotAgent:CollectObservations() (at Assets/Scripts/RobotAgent.cs:100)
MLAgents.Agent:SendInfoToBrain() (at Assets/ML-Agents/Scripts/Agent.cs:574)
MLAgents.Agent:SendInfo() (at Assets/ML-Agents/Scripts/Agent.cs:984)
MLAgents.Academy:EnvironmentStep() (at Assets/ML-Agents/Scripts/Academy.cs:583)
MLAgents.Academy:FixedUpdate() (at Assets/ML-Agents/Scripts/Academy.cs:611)

Log
1258,3
UnityEngine.Debug:Log(Object)
TargetAnnotation:GetBoundingBox() (at Assets/Scripts/TargetAnnotation.cs:70)
RobotAgent:CollectObservations() (at Assets/Scripts/RobotAgent.cs:100)
MLAgents.Agent:SendInfoToBrain() (at Assets/ML-Agents/Scripts/Agent.cs:574)
MLAgents.Agent:SendInfo() (at Assets/ML-Agents/Scripts/Agent.cs:984)
MLAgents.Academy:EnvironmentStep() (at Assets/ML-Agents/Scripts/Academy.cs:583)
MLAgents.Academy:FixedUpdate() (at Assets/ML-Agents/Scripts/Academy.cs:611)

Log
507,2458
UnityEngine.Debug:Log(Object)
TargetAnnotation:GetBoundingBox() (at Assets/Scripts/TargetAnnotation.cs:71)
RobotAgent:CollectObservations() (at Assets/Scripts/RobotAgent.cs:100)
MLAgents.Agent:SendInfoToBrain() (at Assets/ML-Agents/Scripts/Agent.cs:574)
MLAgents.Agent:SendInfo() (at Assets/ML-Agents/Scripts/Agent.cs:984)
MLAgents.Academy:EnvironmentStep() (at Assets/ML-Agents/Scripts/Academy.cs:583)
MLAgents.Academy:FixedUpdate() (at Assets/ML-Agents/Scripts/Academy.cs:611)

Log
388,8697
UnityEngine.Debug:Log(Object)
TargetAnnotation:GetBoundingBox() (at Assets/Scripts/TargetAnnotation.cs:68)
RobotAgent:CollectObservations() (at Assets/Scripts/RobotAgent.cs:100)
MLAgents.Agent:SendInfoToBrain() (at Assets/ML-Agents/Scripts/Agent.cs:574)
MLAgents.Agent:SendInfo() (at Assets/ML-Agents/Scripts/Agent.cs:984)
MLAgents.Academy:EnvironmentStep() (at Assets/ML-Agents/Scripts/Academy.cs:583)
MLAgents.Academy:FixedUpdate() (at Assets/ML-Agents/Scripts/Academy.cs:611)

Log
-42,23413
UnityEngine.Debug:Log(Object)
TargetAnnotation:GetBoundingBox() (at Assets/Scripts/TargetAnnotation.cs:69)
RobotAgent:CollectObservations() (at Assets/Scripts/RobotAgent.cs:100)
MLAgents.Agent:SendInfoToBrain() (at Assets/ML-Agents/Scripts/Agent.cs:574)
MLAgents.Agent:SendInfo() (at Assets/ML-Agents/Scripts/Agent.cs:984)
MLAgents.Academy:EnvironmentStep() (at Assets/ML-Agents/Scripts/Academy.cs:583)
MLAgents.Academy:FixedUpdate() (at Assets/ML-Agents/Scripts/Academy.cs:611)

Log
592,4948
UnityEngine.Debug:Log(Object)
TargetAnnotation:GetBoundingBox() (at Assets/Scripts/TargetAnnotation.cs:70)
RobotAgent:CollectObservations() (at Assets/Scripts/RobotAgent.cs:100)
MLAgents.Agent:SendInfoToBrain() (at Assets/ML-Agents/Scripts/Agent.cs:574)
MLAgents.Agent:SendInfo() (at Assets/ML-Agents/Scripts/Agent.cs:984)
MLAgents.Academy:EnvironmentStep() (at Assets/ML-Agents/Scripts/Academy.cs:583)
MLAgents.Academy:FixedUpdate() (at Assets/ML-Agents/Scripts/Academy.cs:611)

Log
211,8374
UnityEngine.Debug:Log(Object)
TargetAnnotation:GetBoundingBox() (at Assets/Scripts/TargetAnnotation.cs:71)
RobotAgent:CollectObservations() (at Assets/Scripts/RobotAgent.cs:100)
MLAgents.Agent:SendInfoToBrain() (at Assets/ML-Agents/Scripts/Agent.cs:574)
MLAgents.Agent:SendInfo() (at Assets/ML-Agents/Scripts/Agent.cs:984)
MLAgents.Academy:EnvironmentStep() (at Assets/ML-Agents/Scripts/Academy.cs:583)
MLAgents.Academy:FixedUpdate() (at Assets/ML-Agents/Scripts/Academy.cs:611)

Log
700,441
UnityEngine.Debug:Log(Object)
TargetAnnotation:GetBoundingBox() (at Assets/Scripts/TargetAnnotation.cs:68)
RobotAgent:CollectObservations() (at Assets/Scripts/RobotAgent.cs:100)
MLAgents.Agent:SendInfoToBrain() (at Assets/ML-Agents/Scripts/Agent.cs:574)
MLAgents.Agent:SendInfo() (at Assets/ML-Agents/Scripts/Agent.cs:984)
MLAgents.Academy:EnvironmentStep() (at Assets/ML-Agents/Scripts/Academy.cs:583)
MLAgents.Academy:FixedUpdate() (at Assets/ML-Agents/Scripts/Academy.cs:611)

Log
431,0473
UnityEngine.Debug:Log(Object)
TargetAnnotation:GetBoundingBox() (at Assets/Scripts/TargetAnnotation.cs:69)
RobotAgent:CollectObservations() (at Assets/Scripts/RobotAgent.cs:100)
MLAgents.Agent:SendInfoToBrain() (at Assets/ML-Agents/Scripts/Agent.cs:574)
MLAgents.Agent:SendInfo() (at Assets/ML-Agents/Scripts/Agent.cs:984)
MLAgents.Academy:EnvironmentStep() (at Assets/ML-Agents/Scripts/Academy.cs:583)
MLAgents.Academy:FixedUpdate() (at Assets/ML-Agents/Scripts/Academy.cs:611)

Log
967,9761
UnityEngine.Debug:Log(Object)
TargetAnnotation:GetBoundingBox() (at Assets/Scripts/TargetAnnotation.cs:70)
RobotAgent:CollectObservations() (at Assets/Scripts/RobotAgent.cs:100)
MLAgents.Agent:SendInfoToBrain() (at Assets/ML-Agents/Scripts/Agent.cs:574)
MLAgents.Agent:SendInfo() (at Assets/ML-Agents/Scripts/Agent.cs:984)
MLAgents.Academy:EnvironmentStep() (at Assets/ML-Agents/Scripts/Academy.cs:583)
MLAgents.Academy:FixedUpdate() (at Assets/ML-Agents/Scripts/Academy.cs:611)

Log
738,8802
UnityEngine.Debug:Log(Object)
TargetAnnotation:GetBoundingBox() (at Assets/Scripts/TargetAnnotation.cs:71)
RobotAgent:CollectObservations() (at Assets/Scripts/RobotAgent.cs:100)
MLAgents.Agent:SendInfoToBrain() (at Assets/ML-Agents/Scripts/Agent.cs:574)
MLAgents.Agent:SendInfo() (at Assets/ML-Agents/Scripts/Agent.cs:984)
MLAgents.Academy:EnvironmentStep() (at Assets/ML-Agents/Scripts/Academy.cs:583)
MLAgents.Academy:FixedUpdate() (at Assets/ML-Agents/Scripts/Academy.cs:611)

Log
498,3506
UnityEngine.Debug:Log(Object)
TargetAnnotation:GetBoundingBox() (at Assets/Scripts/TargetAnnotation.cs:68)
RobotAgent:CollectObservations() (at Assets/Scripts/RobotAgent.cs:100)
MLAgents.Agent:SendInfoToBrain() (at Assets/ML-Agents/Scripts/Agent.cs:574)
MLAgents.Agent:SendInfo() (at Assets/ML-Agents/Scripts/Agent.cs:984)
MLAgents.Academy:EnvironmentStep() (at Assets/ML-Agents/Scripts/Academy.cs:583)
MLAgents.Academy:FixedUpdate() (at Assets/ML-Agents/Scripts/Academy.cs:611)

Log
109,0645
UnityEngine.Debug:Log(Object)
TargetAnnotation:GetBoundingBox() (at Assets/Scripts/TargetAnnotation.cs:69)
RobotAgent:CollectObservations() (at Assets/Scripts/RobotAgent.cs:100)
MLAgents.Agent:SendInfoToBrain() (at Assets/ML-Agents/Scripts/Agent.cs:574)
MLAgents.Agent:SendInfo() (at Assets/ML-Agents/Scripts/Agent.cs:984)
MLAgents.Academy:EnvironmentStep() (at Assets/ML-Agents/Scripts/Academy.cs:583)
MLAgents.Academy:FixedUpdate() (at Assets/ML-Agents/Scripts/Academy.cs:611)

Log
788,5237
UnityEngine.Debug:Log(Object)
TargetAnnotation:GetBoundingBox() (at Assets/Scripts/TargetAnnotation.cs:70)
RobotAgent:CollectObservations() (at Assets/Scripts/RobotAgent.cs:100)
MLAgents.Agent:SendInfoToBrain() (at Assets/ML-Agents/Scripts/Agent.cs:574)
MLAgents.Agent:SendInfo() (at Assets/ML-Agents/Scripts/Agent.cs:984)
MLAgents.Academy:EnvironmentStep() (at Assets/ML-Agents/Scripts/Academy.cs:583)
MLAgents.Academy:FixedUpdate() (at Assets/ML-Agents/Scripts/Academy.cs:611)

Log
329,4281
UnityEngine.Debug:Log(Object)
TargetAnnotation:GetBoundingBox() (at Assets/Scripts/TargetAnnotation.cs:71)
RobotAgent:CollectObservations() (at Assets/Scripts/RobotAgent.cs:100)
MLAgents.Agent:SendInfoToBrain() (at Assets/ML-Agents/Scripts/Agent.cs:574)
MLAgents.Agent:SendInfo() (at Assets/ML-Agents/Scripts/Agent.cs:984)
MLAgents.Academy:EnvironmentStep() (at Assets/ML-Agents/Scripts/Academy.cs:583)
MLAgents.Academy:FixedUpdate() (at Assets/ML-Agents/Scripts/Academy.cs:611)

Log
636,0098
UnityEngine.Debug:Log(Object)
TargetAnnotation:GetBoundingBox() (at Assets/Scripts/TargetAnnotation.cs:68)
RobotAgent:CollectObservations() (at Assets/Scripts/RobotAgent.cs:100)
MLAgents.Agent:SendInfoToBrain() (at Assets/ML-Agents/Scripts/Agent.cs:574)
MLAgents.Agent:SendInfo() (at Assets/ML-Agents/Scripts/Agent.cs:984)
MLAgents.Academy:EnvironmentStep() (at Assets/ML-Agents/Scripts/Academy.cs:583)
MLAgents.Academy:FixedUpdate() (at Assets/ML-Agents/Scripts/Academy.cs:611)

Log
195,6567
UnityEngine.Debug:Log(Object)
TargetAnnotation:GetBoundingBox() (at Assets/Scripts/TargetAnnotation.cs:69)
RobotAgent:CollectObservations() (at Assets/Scripts/RobotAgent.cs:100)
MLAgents.Agent:SendInfoToBrain() (at Assets/ML-Agents/Scripts/Agent.cs:574)
MLAgents.Agent:SendInfo() (at Assets/ML-Agents/Scripts/Agent.cs:984)
MLAgents.Academy:EnvironmentStep() (at Assets/ML-Agents/Scripts/Academy.cs:583)
MLAgents.Academy:FixedUpdate() (at Assets/ML-Agents/Scripts/Academy.cs:611)

Log
872,8211
UnityEngine.Debug:Log(Object)
TargetAnnotation:GetBoundingBox() (at Assets/Scripts/TargetAnnotation.cs:70)
RobotAgent:CollectObservations() (at Assets/Scripts/RobotAgent.cs:100)
MLAgents.Agent:SendInfoToBrain() (at Assets/ML-Agents/Scripts/Agent.cs:574)
MLAgents.Agent:SendInfo() (at Assets/ML-Agents/Scripts/Agent.cs:984)
MLAgents.Academy:EnvironmentStep() (at Assets/ML-Agents/Scripts/Academy.cs:583)
MLAgents.Academy:FixedUpdate() (at Assets/ML-Agents/Scripts/Academy.cs:611)

Log
484,2524
UnityEngine.Debug:Log(Object)
TargetAnnotation:GetBoundingBox() (at Assets/Scripts/TargetAnnotation.cs:71)
RobotAgent:CollectObservations() (at Assets/Scripts/RobotAgent.cs:100)
MLAgents.Agent:SendInfoToBrain() (at Assets/ML-Agents/Scripts/Agent.cs:574)
MLAgents.Agent:SendInfo() (at Assets/ML-Agents/Scripts/Agent.cs:984)
MLAgents.Academy:EnvironmentStep() (at Assets/ML-Agents/Scripts/Academy.cs:583)
MLAgents.Academy:FixedUpdate() (at Assets/ML-Agents/Scripts/Academy.cs:611)

Log
-87,53784
UnityEngine.Debug:Log(Object)
TargetAnnotation:GetBoundingBox() (at Assets/Scripts/TargetAnnotation.cs:68)
RobotAgent:CollectObservations() (at Assets/Scripts/RobotAgent.cs:100)
MLAgents.Agent:SendInfoToBrain() (at Assets/ML-Agents/Scripts/Agent.cs:574)
MLAgents.Agent:SendInfo() (at Assets/ML-Agents/Scripts/Agent.cs:984)
MLAgents.Academy:EnvironmentStep() (at Assets/ML-Agents/Scripts/Academy.cs:583)
MLAgents.Academy:FixedUpdate() (at Assets/ML-Agents/Scripts/Academy.cs:611)

Log
148,5493
UnityEngine.Debug:Log(Object)
TargetAnnotation:GetBoundingBox() (at Assets/Scripts/TargetAnnotation.cs:69)
RobotAgent:CollectObservations() (at Assets/Scripts/RobotAgent.cs:100)
MLAgents.Agent:SendInfoToBrain() (at Assets/ML-Agents/Scripts/Agent.cs:574)
MLAgents.Agent:SendInfo() (at Assets/ML-Agents/Scripts/Agent.cs:984)
MLAgents.Academy:EnvironmentStep() (at Assets/ML-Agents/Scripts/Academy.cs:583)
MLAgents.Academy:FixedUpdate() (at Assets/ML-Agents/Scripts/Academy.cs:611)

Log
889,3134
UnityEngine.Debug:Log(Object)
TargetAnnotation:GetBoundingBox() (at Assets/Scripts/TargetAnnotation.cs:70)
RobotAgent:CollectObservations() (at Assets/Scripts/RobotAgent.cs:100)
MLAgents.Agent:SendInfoToBrain() (at Assets/ML-Agents/Scripts/Agent.cs:574)
MLAgents.Agent:SendInfo() (at Assets/ML-Agents/Scripts/Agent.cs:984)
MLAgents.Academy:EnvironmentStep() (at Assets/ML-Agents/Scripts/Academy.cs:583)
MLAgents.Academy:FixedUpdate() (at Assets/ML-Agents/Scripts/Academy.cs:611)

Log
845,4281
UnityEngine.Debug:Log(Object)
TargetAnnotation:GetBoundingBox() (at Assets/Scripts/TargetAnnotation.cs:71)
RobotAgent:CollectObservations() (at Assets/Scripts/RobotAgent.cs:100)
MLAgents.Agent:SendInfoToBrain() (at Assets/ML-Agents/Scripts/Agent.cs:574)
MLAgents.Agent:SendInfo() (at Assets/ML-Agents/Scripts/Agent.cs:984)
MLAgents.Academy:EnvironmentStep() (at Assets/ML-Agents/Scripts/Academy.cs:583)
MLAgents.Academy:FixedUpdate() (at Assets/ML-Agents/Scripts/Academy.cs:611)

Log
731,9231
UnityEngine.Debug:Log(Object)
TargetAnnotation:GetBoundingBox() (at Assets/Scripts/TargetAnnotation.cs:68)
RobotAgent:CollectObservations() (at Assets/Scripts/RobotAgent.cs:100)
MLAgents.Agent:SendInfoToBrain() (at Assets/ML-Agents/Scripts/Agent.cs:574)
MLAgents.Agent:SendInfo() (at Assets/ML-Agents/Scripts/Agent.cs:984)
MLAgents.Academy:EnvironmentStep() (at Assets/ML-Agents/Scripts/Academy.cs:583)
MLAgents.Academy:FixedUpdate() (at Assets/ML-Agents/Scripts/Academy.cs:611)

Log
24,92114
UnityEngine.Debug:Log(Object)
TargetAnnotation:GetBoundingBox() (at Assets/Scripts/TargetAnnotation.cs:69)
RobotAgent:CollectObservations() (at Assets/Scripts/RobotAgent.cs:100)
MLAgents.Agent:SendInfoToBrain() (at Assets/ML-Agents/Scripts/Agent.cs:574)
MLAgents.Agent:SendInfo() (at Assets/ML-Agents/Scripts/Agent.cs:984)
MLAgents.Academy:EnvironmentStep() (at Assets/ML-Agents/Scripts/Academy.cs:583)
MLAgents.Academy:FixedUpdate() (at Assets/ML-Agents/Scripts/Academy.cs:611)

Log
1253,496
UnityEngine.Debug:Log(Object)
TargetAnnotation:GetBoundingBox() (at Assets/Scripts/TargetAnnotation.cs:70)
RobotAgent:CollectObservations() (at Assets/Scripts/RobotAgent.cs:100)
MLAgents.Agent:SendInfoToBrain() (at Assets/ML-Agents/Scripts/Agent.cs:574)
MLAgents.Agent:SendInfo() (at Assets/ML-Agents/Scripts/Agent.cs:984)
MLAgents.Academy:EnvironmentStep() (at Assets/ML-Agents/Scripts/Academy.cs:583)
MLAgents.Academy:FixedUpdate() (at Assets/ML-Agents/Scripts/Academy.cs:611)

Log
663,5517
UnityEngine.Debug:Log(Object)
TargetAnnotation:GetBoundingBox() (at Assets/Scripts/TargetAnnotation.cs:71)
RobotAgent:CollectObservations() (at Assets/Scripts/RobotAgent.cs:100)
MLAgents.Agent:SendInfoToBrain() (at Assets/ML-Agents/Scripts/Agent.cs:574)
MLAgents.Agent:SendInfo() (at Assets/ML-Agents/Scripts/Agent.cs:984)
MLAgents.Academy:EnvironmentStep() (at Assets/ML-Agents/Scripts/Academy.cs:583)
MLAgents.Academy:FixedUpdate() (at Assets/ML-Agents/Scripts/Academy.cs:611)

Log
487,4338
UnityEngine.Debug:Log(Object)
TargetAnnotation:GetBoundingBox() (at Assets/Scripts/TargetAnnotation.cs:68)
RobotAgent:CollectObservations() (at Assets/Scripts/RobotAgent.cs:100)
MLAgents.Agent:SendInfoToBrain() (at Assets/ML-Agents/Scripts/Agent.cs:574)
MLAgents.Agent:SendInfo() (at Assets/ML-Agents/Scripts/Agent.cs:984)
MLAgents.Academy:EnvironmentStep() (at Assets/ML-Agents/Scripts/Academy.cs:583)
MLAgents.Academy:FixedUpdate() (at Assets/ML-Agents/Scripts/Academy.cs:611)

Log
292,8275
UnityEngine.Debug:Log(Object)
TargetAnnotation:GetBoundingBox() (at Assets/Scripts/TargetAnnotation.cs:69)
RobotAgent:CollectObservations() (at Assets/Scripts/RobotAgent.cs:100)
MLAgents.Agent:SendInfoToBrain() (at Assets/ML-Agents/Scripts/Agent.cs:574)
MLAgents.Agent:SendInfo() (at Assets/ML-Agents/Scripts/Agent.cs:984)
MLAgents.Academy:EnvironmentStep() (at Assets/ML-Agents/Scripts/Academy.cs:583)
MLAgents.Academy:FixedUpdate() (at Assets/ML-Agents/Scripts/Academy.cs:611)

Log
697,3419
UnityEngine.Debug:Log(Object)
TargetAnnotation:GetBoundingBox() (at Assets/Scripts/TargetAnnotation.cs:70)
RobotAgent:CollectObservations() (at Assets/Scripts/RobotAgent.cs:100)
MLAgents.Agent:SendInfoToBrain() (at Assets/ML-Agents/Scripts/Agent.cs:574)
MLAgents.Agent:SendInfo() (at Assets/ML-Agents/Scripts/Agent.cs:984)
MLAgents.Academy:EnvironmentStep() (at Assets/ML-Agents/Scripts/Academy.cs:583)
MLAgents.Academy:FixedUpdate() (at Assets/ML-Agents/Scripts/Academy.cs:611)

Log
526,4027
UnityEngine.Debug:Log(Object)
TargetAnnotation:GetBoundingBox() (at Assets/Scripts/TargetAnnotation.cs:71)
RobotAgent:CollectObservations() (at Assets/Scripts/RobotAgent.cs:100)
MLAgents.Agent:SendInfoToBrain() (at Assets/ML-Agents/Scripts/Agent.cs:574)
MLAgents.Agent:SendInfo() (at Assets/ML-Agents/Scripts/Agent.cs:984)
MLAgents.Academy:EnvironmentStep() (at Assets/ML-Agents/Scripts/Academy.cs:583)
MLAgents.Academy:FixedUpdate() (at Assets/ML-Agents/Scripts/Academy.cs:611)

Log
508,8426
UnityEngine.Debug:Log(Object)
TargetAnnotation:GetBoundingBox() (at Assets/Scripts/TargetAnnotation.cs:68)
RobotAgent:CollectObservations() (at Assets/Scripts/RobotAgent.cs:100)
MLAgents.Agent:SendInfoToBrain() (at Assets/ML-Agents/Scripts/Agent.cs:574)
MLAgents.Agent:SendInfo() (at Assets/ML-Agents/Scripts/Agent.cs:984)
MLAgents.Academy:EnvironmentStep() (at Assets/ML-Agents/Scripts/Academy.cs:583)
MLAgents.Academy:FixedUpdate() (at Assets/ML-Agents/Scripts/Academy.cs:611)

Log
-85,30865
UnityEngine.Debug:Log(Object)
TargetAnnotation:GetBoundingBox() (at Assets/Scripts/TargetAnnotation.cs:69)
RobotAgent:CollectObservations() (at Assets/Scripts/RobotAgent.cs:100)
MLAgents.Agent:SendInfoToBrain() (at Assets/ML-Agents/Scripts/Agent.cs:574)
MLAgents.Agent:SendInfo() (at Assets/ML-Agents/Scripts/Agent.cs:984)
MLAgents.Academy:EnvironmentStep() (at Assets/ML-Agents/Scripts/Academy.cs:583)
MLAgents.Academy:FixedUpdate() (at Assets/ML-Agents/Scripts/Academy.cs:611)

Log
818,9413
UnityEngine.Debug:Log(Object)
TargetAnnotation:GetBoundingBox() (at Assets/Scripts/TargetAnnotation.cs:70)
RobotAgent:CollectObservations() (at Assets/Scripts/RobotAgent.cs:100)
MLAgents.Agent:SendInfoToBrain() (at Assets/ML-Agents/Scripts/Agent.cs:574)
MLAgents.Agent:SendInfo() (at Assets/ML-Agents/Scripts/Agent.cs:984)
MLAgents.Academy:EnvironmentStep() (at Assets/ML-Agents/Scripts/Academy.cs:583)
MLAgents.Academy:FixedUpdate() (at Assets/ML-Agents/Scripts/Academy.cs:611)

Log
268,5922
UnityEngine.Debug:Log(Object)
TargetAnnotation:GetBoundingBox() (at Assets/Scripts/TargetAnnotation.cs:71)
RobotAgent:CollectObservations() (at Assets/Scripts/RobotAgent.cs:100)
MLAgents.Agent:SendInfoToBrain() (at Assets/ML-Agents/Scripts/Agent.cs:574)
MLAgents.Agent:SendInfo() (at Assets/ML-Agents/Scripts/Agent.cs:984)
MLAgents.Academy:EnvironmentStep() (at Assets/ML-Agents/Scripts/Academy.cs:583)
MLAgents.Academy:FixedUpdate() (at Assets/ML-Agents/Scripts/Academy.cs:611)

Log
233,0793
UnityEngine.Debug:Log(Object)
TargetAnnotation:GetBoundingBox() (at Assets/Scripts/TargetAnnotation.cs:68)
RobotAgent:CollectObservations() (at Assets/Scripts/RobotAgent.cs:100)
MLAgents.Agent:SendInfoToBrain() (at Assets/ML-Agents/Scripts/Agent.cs:574)
MLAgents.Agent:SendInfo() (at Assets/ML-Agents/Scripts/Agent.cs:984)
MLAgents.Academy:EnvironmentStep() (at Assets/ML-Agents/Scripts/Academy.cs:583)
MLAgents.Academy:FixedUpdate() (at Assets/ML-Agents/Scripts/Academy.cs:611)

Log
65,71368
UnityEngine.Debug:Log(Object)
TargetAnnotation:GetBoundingBox() (at Assets/Scripts/TargetAnnotation.cs:69)
RobotAgent:CollectObservations() (at Assets/Scripts/RobotAgent.cs:100)
MLAgents.Agent:SendInfoToBrain() (at Assets/ML-Agents/Scripts/Agent.cs:574)
MLAgents.Agent:SendInfo() (at Assets/ML-Agents/Scripts/Agent.cs:984)
MLAgents.Academy:EnvironmentStep() (at Assets/ML-Agents/Scripts/Academy.cs:583)
MLAgents.Academy:FixedUpdate() (at Assets/ML-Agents/Scripts/Academy.cs:611)

Log
543,5171
UnityEngine.Debug:Log(Object)
TargetAnnotation:GetBoundingBox() (at Assets/Scripts/TargetAnnotation.cs:70)
RobotAgent:CollectObservations() (at Assets/Scripts/RobotAgent.cs:100)
MLAgents.Agent:SendInfoToBrain() (at Assets/ML-Agents/Scripts/Agent.cs:574)
MLAgents.Agent:SendInfo() (at Assets/ML-Agents/Scripts/Agent.cs:984)
MLAgents.Academy:EnvironmentStep() (at Assets/ML-Agents/Scripts/Academy.cs:583)
MLAgents.Academy:FixedUpdate() (at Assets/ML-Agents/Scripts/Academy.cs:611)

Log
274,446
UnityEngine.Debug:Log(Object)
TargetAnnotation:GetBoundingBox() (at Assets/Scripts/TargetAnnotation.cs:71)
RobotAgent:CollectObservations() (at Assets/Scripts/RobotAgent.cs:100)
MLAgents.Agent:SendInfoToBrain() (at Assets/ML-Agents/Scripts/Agent.cs:574)
MLAgents.Agent:SendInfo() (at Assets/ML-Agents/Scripts/Agent.cs:984)
MLAgents.Academy:EnvironmentStep() (at Assets/ML-Agents/Scripts/Academy.cs:583)
MLAgents.Academy:FixedUpdate() (at Assets/ML-Agents/Scripts/Academy.cs:611)

Log
361,0507
UnityEngine.Debug:Log(Object)
TargetAnnotation:GetBoundingBox() (at Assets/Scripts/TargetAnnotation.cs:68)
RobotAgent:CollectObservations() (at Assets/Scripts/RobotAgent.cs:100)
MLAgents.Agent:SendInfoToBrain() (at Assets/ML-Agents/Scripts/Agent.cs:574)
MLAgents.Agent:SendInfo() (at Assets/ML-Agents/Scripts/Agent.cs:984)
MLAgents.Academy:EnvironmentStep() (at Assets/ML-Agents/Scripts/Academy.cs:583)
MLAgents.Academy:FixedUpdate() (at Assets/ML-Agents/Scripts/Academy.cs:611)

Log
134,4687
UnityEngine.Debug:Log(Object)
TargetAnnotation:GetBoundingBox() (at Assets/Scripts/TargetAnnotation.cs:69)
RobotAgent:CollectObservations() (at Assets/Scripts/RobotAgent.cs:100)
MLAgents.Agent:SendInfoToBrain() (at Assets/ML-Agents/Scripts/Agent.cs:574)
MLAgents.Agent:SendInfo() (at Assets/ML-Agents/Scripts/Agent.cs:984)
MLAgents.Academy:EnvironmentStep() (at Assets/ML-Agents/Scripts/Academy.cs:583)
MLAgents.Academy:FixedUpdate() (at Assets/ML-Agents/Scripts/Academy.cs:611)

Log
1079,669
UnityEngine.Debug:Log(Object)
TargetAnnotation:GetBoundingBox() (at Assets/Scripts/TargetAnnotation.cs:70)
RobotAgent:CollectObservations() (at Assets/Scripts/RobotAgent.cs:100)
MLAgents.Agent:SendInfoToBrain() (at Assets/ML-Agents/Scripts/Agent.cs:574)
MLAgents.Agent:SendInfo() (at Assets/ML-Agents/Scripts/Agent.cs:984)
MLAgents.Academy:EnvironmentStep() (at Assets/ML-Agents/Scripts/Academy.cs:583)
MLAgents.Academy:FixedUpdate() (at Assets/ML-Agents/Scripts/Academy.cs:611)

Log
1245,017
UnityEngine.Debug:Log(Object)
TargetAnnotation:GetBoundingBox() (at Assets/Scripts/TargetAnnotation.cs:71)
RobotAgent:CollectObservations() (at Assets/Scripts/RobotAgent.cs:100)
MLAgents.Agent:SendInfoToBrain() (at Assets/ML-Agents/Scripts/Agent.cs:574)
MLAgents.Agent:SendInfo() (at Assets/ML-Agents/Scripts/Agent.cs:984)
MLAgents.Academy:EnvironmentStep() (at Assets/ML-Agents/Scripts/Academy.cs:583)
MLAgents.Academy:FixedUpdate() (at Assets/ML-Agents/Scripts/Academy.cs:611)

Log
194,7548
UnityEngine.Debug:Log(Object)
TargetAnnotation:GetBoundingBox() (at Assets/Scripts/TargetAnnotation.cs:68)
RobotAgent:CollectObservations() (at Assets/Scripts/RobotAgent.cs:100)
MLAgents.Agent:SendInfoToBrain() (at Assets/ML-Agents/Scripts/Agent.cs:574)
MLAgents.Agent:SendInfo() (at Assets/ML-Agents/Scripts/Agent.cs:984)
MLAgents.Academy:EnvironmentStep() (at Assets/ML-Agents/Scripts/Academy.cs:583)
MLAgents.Academy:FixedUpdate() (at Assets/ML-Agents/Scripts/Academy.cs:611)

Log
413,1212
UnityEngine.Debug:Log(Object)
TargetAnnotation:GetBoundingBox() (at Assets/Scripts/TargetAnnotation.cs:69)
RobotAgent:CollectObservations() (at Assets/Scripts/RobotAgent.cs:100)
MLAgents.Agent:SendInfoToBrain() (at Assets/ML-Agents/Scripts/Agent.cs:574)
MLAgents.Agent:SendInfo() (at Assets/ML-Agents/Scripts/Agent.cs:984)
MLAgents.Academy:EnvironmentStep() (at Assets/ML-Agents/Scripts/Academy.cs:583)
MLAgents.Academy:FixedUpdate() (at Assets/ML-Agents/Scripts/Academy.cs:611)

Log
650,9246
UnityEngine.Debug:Log(Object)
TargetAnnotation:GetBoundingBox() (at Assets/Scripts/TargetAnnotation.cs:70)
RobotAgent:CollectObservations() (at Assets/Scripts/RobotAgent.cs:100)
MLAgents.Agent:SendInfoToBrain() (at Assets/ML-Agents/Scripts/Agent.cs:574)
MLAgents.Agent:SendInfo() (at Assets/ML-Agents/Scripts/Agent.cs:984)
MLAgents.Academy:EnvironmentStep() (at Assets/ML-Agents/Scripts/Academy.cs:583)
MLAgents.Academy:FixedUpdate() (at Assets/ML-Agents/Scripts/Academy.cs:611)

Log
847,4298
UnityEngine.Debug:Log(Object)
TargetAnnotation:GetBoundingBox() (at Assets/Scripts/TargetAnnotation.cs:71)
RobotAgent:CollectObservations() (at Assets/Scripts/RobotAgent.cs:100)
MLAgents.Agent:SendInfoToBrain() (at Assets/ML-Agents/Scripts/Agent.cs:574)
MLAgents.Agent:SendInfo() (at Assets/ML-Agents/Scripts/Agent.cs:984)
MLAgents.Academy:EnvironmentStep() (at Assets/ML-Agents/Scripts/Academy.cs:583)
MLAgents.Academy:FixedUpdate() (at Assets/ML-Agents/Scripts/Academy.cs:611)

Log
532,8938
UnityEngine.Debug:Log(Object)
TargetAnnotation:GetBoundingBox() (at Assets/Scripts/TargetAnnotation.cs:68)
RobotAgent:CollectObservations() (at Assets/Scripts/RobotAgent.cs:100)
MLAgents.Agent:SendInfoToBrain() (at Assets/ML-Agents/Scripts/Agent.cs:574)
MLAgents.Agent:SendInfo() (at Assets/ML-Agents/Scripts/Agent.cs:984)
MLAgents.Academy:EnvironmentStep() (at Assets/ML-Agents/Scripts/Academy.cs:583)
MLAgents.Academy:FixedUpdate() (at Assets/ML-Agents/Scripts/Academy.cs:611)

Log
254,6006
UnityEngine.Debug:Log(Object)
TargetAnnotation:GetBoundingBox() (at Assets/Scripts/TargetAnnotation.cs:69)
RobotAgent:CollectObservations() (at Assets/Scripts/RobotAgent.cs:100)
MLAgents.Agent:SendInfoToBrain() (at Assets/ML-Agents/Scripts/Agent.cs:574)
MLAgents.Agent:SendInfo() (at Assets/ML-Agents/Scripts/Agent.cs:984)
MLAgents.Academy:EnvironmentStep() (at Assets/ML-Agents/Scripts/Academy.cs:583)
MLAgents.Academy:FixedUpdate() (at Assets/ML-Agents/Scripts/Academy.cs:611)

Log
876,6211
UnityEngine.Debug:Log(Object)
TargetAnnotation:GetBoundingBox() (at Assets/Scripts/TargetAnnotation.cs:70)
RobotAgent:CollectObservations() (at Assets/Scripts/RobotAgent.cs:100)
MLAgents.Agent:SendInfoToBrain() (at Assets/ML-Agents/Scripts/Agent.cs:574)
MLAgents.Agent:SendInfo() (at Assets/ML-Agents/Scripts/Agent.cs:984)
MLAgents.Academy:EnvironmentStep() (at Assets/ML-Agents/Scripts/Academy.cs:583)
MLAgents.Academy:FixedUpdate() (at Assets/ML-Agents/Scripts/Academy.cs:611)

Log
765,549
UnityEngine.Debug:Log(Object)
TargetAnnotation:GetBoundingBox() (at Assets/Scripts/TargetAnnotation.cs:71)
RobotAgent:CollectObservations() (at Assets/Scripts/RobotAgent.cs:100)
MLAgents.Agent:SendInfoToBrain() (at Assets/ML-Agents/Scripts/Agent.cs:574)
MLAgents.Agent:SendInfo() (at Assets/ML-Agents/Scripts/Agent.cs:984)
MLAgents.Academy:EnvironmentStep() (at Assets/ML-Agents/Scripts/Academy.cs:583)
MLAgents.Academy:FixedUpdate() (at Assets/ML-Agents/Scripts/Academy.cs:611)

Log
306,9114
UnityEngine.Debug:Log(Object)
TargetAnnotation:GetBoundingBox() (at Assets/Scripts/TargetAnnotation.cs:68)
RobotAgent:CollectObservations() (at Assets/Scripts/RobotAgent.cs:100)
MLAgents.Agent:SendInfoToBrain() (at Assets/ML-Agents/Scripts/Agent.cs:574)
MLAgents.Agent:SendInfo() (at Assets/ML-Agents/Scripts/Agent.cs:984)
MLAgents.Academy:EnvironmentStep() (at Assets/ML-Agents/Scripts/Academy.cs:583)
MLAgents.Academy:FixedUpdate() (at Assets/ML-Agents/Scripts/Academy.cs:611)

Log
193,9329
UnityEngine.Debug:Log(Object)
TargetAnnotation:GetBoundingBox() (at Assets/Scripts/TargetAnnotation.cs:69)
RobotAgent:CollectObservations() (at Assets/Scripts/RobotAgent.cs:100)
MLAgents.Agent:SendInfoToBrain() (at Assets/ML-Agents/Scripts/Agent.cs:574)
MLAgents.Agent:SendInfo() (at Assets/ML-Agents/Scripts/Agent.cs:984)
MLAgents.Academy:EnvironmentStep() (at Assets/ML-Agents/Scripts/Academy.cs:583)
MLAgents.Academy:FixedUpdate() (at Assets/ML-Agents/Scripts/Academy.cs:611)

Log
739,9205
UnityEngine.Debug:Log(Object)
TargetAnnotation:GetBoundingBox() (at Assets/Scripts/TargetAnnotation.cs:70)
RobotAgent:CollectObservations() (at Assets/Scripts/RobotAgent.cs:100)
MLAgents.Agent:SendInfoToBrain() (at Assets/ML-Agents/Scripts/Agent.cs:574)
MLAgents.Agent:SendInfo() (at Assets/ML-Agents/Scripts/Agent.cs:984)
MLAgents.Academy:EnvironmentStep() (at Assets/ML-Agents/Scripts/Academy.cs:583)
MLAgents.Academy:FixedUpdate() (at Assets/ML-Agents/Scripts/Academy.cs:611)

Log
525,8223
UnityEngine.Debug:Log(Object)
TargetAnnotation:GetBoundingBox() (at Assets/Scripts/TargetAnnotation.cs:71)
RobotAgent:CollectObservations() (at Assets/Scripts/RobotAgent.cs:100)
MLAgents.Agent:SendInfoToBrain() (at Assets/ML-Agents/Scripts/Agent.cs:574)
MLAgents.Agent:SendInfo() (at Assets/ML-Agents/Scripts/Agent.cs:984)
MLAgents.Academy:EnvironmentStep() (at Assets/ML-Agents/Scripts/Academy.cs:583)
MLAgents.Academy:FixedUpdate() (at Assets/ML-Agents/Scripts/Academy.cs:611)

